<?xml version="1.0" encoding="UTF-8"?>
<!-- Generated by org.testng.reporters.JUnitReportReporter -->
<testsuite hostname="MeghaR" failures="0" tests="8" name="FrameworkExamples.SecondSet" time="119.666" errors="0" timestamp="2023-07-27T19:31:41 IST" skipped="7">
  <testcase classname="FrameworkExamples.SecondSet" name="brokenlinks" time="119.666"/>
  <testcase classname="FrameworkExamples.SecondSet" name="alertpopupwindowhandling">
    <skipped/>
  </testcase> <!-- alertpopupwindowhandling -->
  <testcase classname="FrameworkExamples.SecondSet" name="upload">
    <skipped/>
  </testcase> <!-- upload -->
  <testcase classname="FrameworkExamples.SecondSet" name="mousehover">
    <skipped/>
  </testcase> <!-- mousehover -->
  <testcase classname="FrameworkExamples.SecondSet" name="tables">
    <skipped/>
  </testcase> <!-- tables -->
  <testcase classname="FrameworkExamples.SecondSet" name="links">
    <skipped/>
  </testcase> <!-- links -->
  <testcase classname="FrameworkExamples.SecondSet" name="dropdown">
    <skipped/>
  </testcase> <!-- dropdown -->
  <testcase classname="FrameworkExamples.SecondSet" name="radiobutton">
    <skipped/>
  </testcase> <!-- radiobutton -->
</testsuite> <!-- FrameworkExamples.SecondSet -->
