<?xml version="1.0" encoding="UTF-8"?>
<!-- Generated by org.testng.reporters.JUnitReportReporter -->
<testsuite hostname="MeghaR" failures="0" tests="1" name="com.facebook.tests.LoginTest" time="2.518" errors="0" timestamp="2023-07-31T13:17:32 IST" skipped="0">
  <testcase classname="com.facebook.tests.LoginTest" name="testLogin" time="2.518"/>
</testsuite> <!-- com.facebook.tests.LoginTest -->
