<?xml version="1.0" encoding="UTF-8"?>
<!-- Generated by org.testng.reporters.JUnitReportReporter -->
<testsuite hostname="MeghaR" failures="0" tests="4" name="FrameworkExamples.AdvancedSelenium" time="4.549" errors="0" timestamp="2023-07-28T03:40:46 IST" skipped="3">
  <testcase classname="FrameworkExamples.AdvancedSelenium" name="scrrollTo" time="4.549"/>
  <testcase classname="FrameworkExamples.AdvancedSelenium" name="navigateTowindow">
    <skipped/>
  </testcase> <!-- navigateTowindow -->
  <testcase classname="FrameworkExamples.AdvancedSelenium" name="newWindow">
    <skipped/>
  </testcase> <!-- newWindow -->
  <testcase classname="FrameworkExamples.AdvancedSelenium" name="takescreenshot">
    <skipped/>
  </testcase> <!-- takescreenshot -->
</testsuite> <!-- FrameworkExamples.AdvancedSelenium -->
