<?xml version="1.0" encoding="UTF-8"?>
<!-- Generated by org.testng.reporters.JUnitReportReporter -->
<testsuite hostname="MeghaR" failures="0" tests="1" name="FrameworkExamples.FirstSeleniumTest" time="11.122" errors="0" timestamp="2023-07-27T00:17:58 IST" skipped="0">
  <testcase classname="FrameworkExamples.FirstSeleniumTest" name="testTile" time="11.122"/>
</testsuite> <!-- FrameworkExamples.FirstSeleniumTest -->
