<?xml version="1.0" encoding="UTF-8"?>
<!-- Generated by org.testng.reporters.JUnitReportReporter -->
<testsuite hostname="MeghaR" failures="0" tests="3" name="FrameworkExamples.NewTest" time="0.011" errors="0" timestamp="2023-07-26T14:15:05 IST" skipped="1">
  <testcase classname="FrameworkExamples.NewTest" name="secondtest" time="0.001"/>
  <testcase classname="FrameworkExamples.NewTest" name="thirdtest" time="0.010"/>
  <testcase classname="FrameworkExamples.NewTest" name="firsttest">
    <skipped/>
  </testcase> <!-- firsttest -->
</testsuite> <!-- FrameworkExamples.NewTest -->
