<?xml version="1.0" encoding="UTF-8"?>
<!-- Generated by org.testng.reporters.JUnitReportReporter -->
<testsuite hostname="MeghaR" failures="0" tests="1" name="com.facebook.tests.LoginTestPageFactory" time="2.990" errors="0" timestamp="2023-07-31T14:24:58 IST" skipped="0">
  <testcase classname="com.facebook.tests.LoginTestPageFactory" name="testLogin" time="2.990"/>
</testsuite> <!-- com.facebook.tests.LoginTestPageFactory -->
