<?xml version="1.0" encoding="UTF-8"?>
<!-- Generated by org.testng.reporters.JUnitReportReporter -->
<testsuite hostname="MeghaR" failures="0" tests="3" name="FrameworkExamples.Wait" time="13.308" errors="0" timestamp="2023-07-28T02:21:52 IST" skipped="0">
  <testcase classname="FrameworkExamples.Wait" name="implicit" time="4.489"/>
  <testcase classname="FrameworkExamples.Wait" name="explicit" time="5.168"/>
  <testcase classname="FrameworkExamples.Wait" name="fluent" time="3.651"/>
</testsuite> <!-- FrameworkExamples.Wait -->
